#
# There is insufficient memory for the Java Runtime Environment to continue.
# Native memory allocation (malloc) failed to allocate 1743696 bytes for Chunk::new
# Possible reasons:
#   The system is out of physical RAM or swap space
#   The process is running with CompressedOops enabled, and the Java Heap may be blocking the growth of the native heap
# Possible solutions:
#   Reduce memory load on the system
#   Increase physical memory or swap space
#   Check if swap backing store is full
#   Decrease Java heap size (-Xmx/-Xms)
#   Decrease number of Java threads
#   Decrease Java thread stack sizes (-Xss)
#   Set larger code cache with -XX:ReservedCodeCacheSize=
#   JVM is running with Unscaled Compressed Oops mode in which the Java heap is
#     placed in the first 4GB address space. The Java Heap base address is the
#     maximum limit for the native heap growth. Please use -XX:HeapBaseMinAddress
#     to set the Java Heap base and to place the Java Heap above 4GB virtual address.
# This output file may be truncated or incomplete.
#
#  Out of Memory Error (arena.cpp:191), pid=16312, tid=17392
#
# JRE version: OpenJDK Runtime Environment JBR-17.0.10+1-1207.14-jcef (17.0.10+1) (build 17.0.10+1-b1207.14)
# Java VM: OpenJDK 64-Bit Server VM JBR-17.0.10+1-1207.14-jcef (17.0.10+1-b1207.14, mixed mode, tiered, compressed oops, compressed class ptrs, g1 gc, windows-amd64)
# No core dump will be written. Minidumps are not enabled by default on client versions of Windows
#

---------------  S U M M A R Y ------------

Command Line: -Djava.rmi.server.hostname=127.0.0.1 -Duser.timezone=UTC -Xmx2048m -Xms128m -Djdbc.classpath=C:\Program Files\JetBrains\PhpStorm 2024.1.1\plugins\DatabaseTools\lib\jdbc-console.jar;C:\Users\Костя\AppData\Roaming\JetBrains\PhpStorm2024.1\jdbc-drivers\MySQL ConnectorJ\8.2.0\com\mysql\mysql-connector-j\8.2.0\mysql-connector-j-8.2.0.jar;C:\Users\Костя\AppData\Roaming\JetBrains\PhpStorm2024.1\jdbc-drivers\MySQL ConnectorJ\8.2.0\com\google\protobuf\protobuf-java\3.21.9\protobuf-java-3.21.9.jar --add-exports=java.desktop/sun.awt=ALL-UNNAMED --add-exports=java.desktop/java.awt.peer=ALL-UNNAMED --add-opens=java.desktop/java.awt=ALL-UNNAMED --add-opens=jdk.unsupported/sun.misc=ALL-UNNAMED --add-opens=java.base/java.nio=ALL-UNNAMED --add-opens=java.base/java.util=ALL-UNNAMED -Dfile.encoding=UTF-8 com.intellij.database.remote.RemoteJdbcServer com.mysql.cj.jdbc.Driver

Host: Intel(R) Core(TM) i3-4005U CPU @ 1.70GHz, 4 cores, 3G,  Windows 10 , 64 bit Build 19041 (10.0.19041.3636)
Time: Mon May 27 22:01:47 2024 RTZ 2 (s 10 , 64 bit Build 19041 (10.0.19041.3636) elapsed time: 22.792759 seconds (0d 0h 0m 22s)

---------------  T H R E A D  ---------------

Current thread (0x000001d97eddcde0):  JavaThread "C2 CompilerThread0" daemon [_thread_in_native, id=17392, stack(0x0000002a97200000,0x0000002a97300000)]


Current CompileTask:
C2:  22815 1714       4       jdk.internal.org.objectweb.asm.Frame::execute (2305 bytes)

Stack: [0x0000002a97200000,0x0000002a97300000]
Native frames: (J=compiled Java code, j=interpreted, Vv=VM code, C=native code)
V  [jvm.dll+0x687989]
V  [jvm.dll+0x84116a]
V  [jvm.dll+0x842dae]
V  [jvm.dll+0x843413]
V  [jvm.dll+0x249ccf]
V  [jvm.dll+0xac524]
V  [jvm.dll+0xacb6c]
V  [jvm.dll+0x369ca2]
V  [jvm.dll+0x3340da]
V  [jvm.dll+0x33357a]
V  [jvm.dll+0x21b881]
V  [jvm.dll+0x21aca1]
V  [jvm.dll+0x1a602d]
V  [jvm.dll+0x22ac2e]
V  [jvm.dll+0x228db5]
V  [jvm.dll+0x7f5417]
V  [jvm.dll+0x7ef81a]
V  [jvm.dll+0x686805]
C  [ucrtbase.dll+0x21bb2]
C  [KERNEL32.DLL+0x17344]
C  [ntdll.dll+0x526b1]


---------------  P R O C E S S  ---------------

Threads class SMR info:
_java_thread_list=0x000001d97f3f0510, length=23, elements={
0x000001d96b2e0670, 0x000001d97eb83610, 0x000001d97eb85c90, 0x000001d97edd85b0,
0x000001d97eddaf90, 0x000001d97eddb860, 0x000001d97eddc130, 0x000001d97eddcde0,
0x000001d97edfa3c0, 0x000001d97ee00f10, 0x000001d97ef96010, 0x000001d97ef9a980,
0x000001d97f0ce9f0, 0x000001d97f25f820, 0x000001d97f3e4a10, 0x000001d97f0d11f0,
0x000001d97f0d16d0, 0x000001d97f3e2620, 0x000001d97f3e2b00, 0x000001d97f41a020,
0x000001d97f41be80, 0x000001d97f419b10, 0x000001d97f41c8a0
}

Java Threads: ( => current thread )
  0x000001d96b2e0670 JavaThread "main" [_thread_blocked, id=16780, stack(0x0000002a96500000,0x0000002a96600000)]
  0x000001d97eb83610 JavaThread "Reference Handler" daemon [_thread_blocked, id=13424, stack(0x0000002a96c00000,0x0000002a96d00000)]
  0x000001d97eb85c90 JavaThread "Finalizer" daemon [_thread_blocked, id=2200, stack(0x0000002a96d00000,0x0000002a96e00000)]
  0x000001d97edd85b0 JavaThread "Signal Dispatcher" daemon [_thread_blocked, id=16100, stack(0x0000002a96e00000,0x0000002a96f00000)]
  0x000001d97eddaf90 JavaThread "Attach Listener" daemon [_thread_blocked, id=15560, stack(0x0000002a96f00000,0x0000002a97000000)]
  0x000001d97eddb860 JavaThread "Service Thread" daemon [_thread_blocked, id=17008, stack(0x0000002a97000000,0x0000002a97100000)]
  0x000001d97eddc130 JavaThread "Monitor Deflation Thread" daemon [_thread_blocked, id=6544, stack(0x0000002a97100000,0x0000002a97200000)]
=>0x000001d97eddcde0 JavaThread "C2 CompilerThread0" daemon [_thread_in_native, id=17392, stack(0x0000002a97200000,0x0000002a97300000)]
  0x000001d97edfa3c0 JavaThread "C1 CompilerThread0" daemon [_thread_blocked, id=17152, stack(0x0000002a97300000,0x0000002a97400000)]
  0x000001d97ee00f10 JavaThread "Sweeper thread" daemon [_thread_blocked, id=5312, stack(0x0000002a97400000,0x0000002a97500000)]
  0x000001d97ef96010 JavaThread "Common-Cleaner" daemon [_thread_blocked, id=15412, stack(0x0000002a97500000,0x0000002a97600000)]
  0x000001d97ef9a980 JavaThread "Notification Thread" daemon [_thread_blocked, id=11572, stack(0x0000002a97600000,0x0000002a97700000)]
  0x000001d97f0ce9f0 JavaThread "mysql-cj-abandoned-connection-cleanup" daemon [_thread_blocked, id=16692, stack(0x0000002a97800000,0x0000002a97900000)]
  0x000001d97f25f820 JavaThread "RMI TCP Accept-23560" daemon [_thread_in_native, id=12720, stack(0x0000002a97900000,0x0000002a97a00000)]
  0x000001d97f3e4a10 JavaThread "RMI TCP Accept-0" daemon [_thread_in_native, id=15448, stack(0x0000002a97a00000,0x0000002a97b00000)]
  0x000001d97f0d11f0 JavaThread "RMI Reaper" [_thread_blocked, id=8552, stack(0x0000002a97b00000,0x0000002a97c00000)]
  0x000001d97f0d16d0 JavaThread "RMI GC Daemon" daemon [_thread_blocked, id=9928, stack(0x0000002a97c00000,0x0000002a97d00000)]
  0x000001d97f3e2620 JavaThread "RMI TCP Connection(1)-127.0.0.1" daemon [_thread_in_native, id=14924, stack(0x0000002a97d00000,0x0000002a97e00000)]
  0x000001d97f3e2b00 JavaThread "RMI TCP Connection(2)-127.0.0.1" daemon [_thread_in_native, id=4912, stack(0x0000002a97e00000,0x0000002a97f00000)]
  0x000001d97f41a020 JavaThread "RMI Scheduler(0)" daemon [_thread_blocked, id=10876, stack(0x0000002a97f00000,0x0000002a98000000)]
  0x000001d97f41be80 JavaThread "RMI TCP Connection(3)-127.0.0.1" daemon [_thread_in_native, id=11604, stack(0x0000002a98000000,0x0000002a98100000)]
  0x000001d97f419b10 JavaThread "RMI TCP Connection(4)-127.0.0.1" daemon [_thread_in_native, id=11404, stack(0x0000002a98100000,0x0000002a98200000)]
  0x000001d97f41c8a0 JavaThread "RMI RenewClean-[127.0.0.1:56438]" daemon [_thread_blocked, id=1924, stack(0x0000002a98200000,0x0000002a98300000)]

Other Threads:
  0x000001d97eb6f510 VMThread "VM Thread" [stack: 0x0000002a96b00000,0x0000002a96c00000] [id=16428]
  0x000001d97ef9b270 WatcherThread [stack: 0x0000002a97700000,0x0000002a97800000] [id=6932]
  0x000001d96b3399e0 GCTaskThread "GC Thread#0" [stack: 0x0000002a96600000,0x0000002a96700000] [id=14112]
  0x000001d97f559ce0 GCTaskThread "GC Thread#1" [stack: 0x0000002a98300000,0x0000002a98400000] [id=11996]
  0x000001d97f528680 GCTaskThread "GC Thread#2" [stack: 0x0000002a98400000,0x0000002a98500000] [id=3908]
  0x000001d97f542030 GCTaskThread "GC Thread#3" [stack: 0x0000002a98500000,0x0000002a98600000] [id=15696]
  0x000001d96b34afe0 ConcurrentGCThread "G1 Main Marker" [stack: 0x0000002a96700000,0x0000002a96800000] [id=13972]
  0x000001d96b34b910 ConcurrentGCThread "G1 Conc#0" [stack: 0x0000002a96800000,0x0000002a96900000] [id=13356]
  0x000001d97e9b44c0 ConcurrentGCThread "G1 Refine#0" [stack: 0x0000002a96900000,0x0000002a96a00000] [id=10344]
  0x000001d97f1e7cf0 ConcurrentGCThread "G1 Refine#1" [stack: 0x0000002a98600000,0x0000002a98700000] [id=17280]
  0x000001d96b39d400 ConcurrentGCThread "G1 Service" [stack: 0x0000002a96a00000,0x0000002a96b00000] [id=14828]

Threads with active compile tasks:
C2 CompilerThread0    29300 1714       4       jdk.internal.org.objectweb.asm.Frame::execute (2305 bytes)

VM state: not at safepoint (normal execution)

VM Mutex/Monitor currently owned by a thread: None

Heap address: 0x0000000080000000, size: 2048 MB, Compressed Oops mode: 32-bit

CDS archive(s) not mapped
Compressed class space mapped at: 0x0000000100000000-0x0000000140000000, reserved size: 1073741824
Narrow klass base: 0x0000000000000000, Narrow klass shift: 3, Narrow klass range: 0x140000000

GC Precious Log:
 CPUs: 4 total, 4 available
 Memory: 3777M
 Large Page Support: Disabled
 NUMA Support: Disabled
 Compressed Oops: Enabled (32-bit)
 Heap Region Size: 1M
 Heap Min Capacity: 128M
 Heap Initial Capacity: 128M
 Heap Max Capacity: 2G
 Pre-touch: Disabled
 Parallel Workers: 4
 Concurrent Workers: 1
 Concurrent Refinement Workers: 4
 Periodic GC: Disabled

Heap:
 garbage-first heap   total 131072K, used 14338K [0x0000000080000000, 0x0000000100000000)
  region size 1024K, 8 young (8192K), 1 survivors (1024K)
 Metaspace       used 23415K, committed 23744K, reserved 1114112K
  class space    used 2520K, committed 2688K, reserved 1048576K

Heap Regions: E=young(eden), S=young(survivor), O=old, HS=humongous(starts), HC=humongous(continues), CS=collection set, F=free, OA=open archive, CA=closed archive, TAMS=top-at-mark-start (previous, next)
|   0|0x0000000080000000, 0x0000000080100000, 0x0000000080100000|100%|HS|  |TAMS 0x0000000080100000, 0x0000000080000000| Complete 
|   1|0x0000000080100000, 0x0000000080200000, 0x0000000080200000|100%|HC|  |TAMS 0x0000000080200000, 0x0000000080100000| Complete 
|   2|0x0000000080200000, 0x0000000080300000, 0x0000000080300000|100%| O|  |TAMS 0x0000000080300000, 0x0000000080200000| Untracked 
|   3|0x0000000080300000, 0x0000000080400000, 0x0000000080400000|100%| O|  |TAMS 0x0000000080400000, 0x0000000080300000| Untracked 
|   4|0x0000000080400000, 0x0000000080500000, 0x0000000080500000|100%| O|  |TAMS 0x0000000080500000, 0x0000000080400000| Untracked 
|   5|0x0000000080500000, 0x0000000080600000, 0x0000000080600000|100%| O|  |TAMS 0x00000000805f2e00, 0x0000000080500000| Untracked 
|   6|0x0000000080600000, 0x0000000080700000, 0x0000000080700000|100%| O|  |TAMS 0x0000000080600000, 0x0000000080600000| Untracked 
|   7|0x0000000080700000, 0x00000000807ad000, 0x0000000080800000| 67%| O|  |TAMS 0x0000000080700000, 0x0000000080700000| Untracked 
|   8|0x0000000080800000, 0x0000000080800000, 0x0000000080900000|  0%| F|  |TAMS 0x0000000080800000, 0x0000000080800000| Untracked 
|   9|0x0000000080900000, 0x0000000080900000, 0x0000000080a00000|  0%| F|  |TAMS 0x0000000080900000, 0x0000000080900000| Untracked 
|  10|0x0000000080a00000, 0x0000000080a00000, 0x0000000080b00000|  0%| F|  |TAMS 0x0000000080a00000, 0x0000000080a00000| Untracked 
|  11|0x0000000080b00000, 0x0000000080b00000, 0x0000000080c00000|  0%| F|  |TAMS 0x0000000080b00000, 0x0000000080b00000| Untracked 
|  12|0x0000000080c00000, 0x0000000080c00000, 0x0000000080d00000|  0%| F|  |TAMS 0x0000000080c00000, 0x0000000080c00000| Untracked 
|  13|0x0000000080d00000, 0x0000000080d00000, 0x0000000080e00000|  0%| F|  |TAMS 0x0000000080d00000, 0x0000000080d00000| Untracked 
|  14|0x0000000080e00000, 0x0000000080e00000, 0x0000000080f00000|  0%| F|  |TAMS 0x0000000080e00000, 0x0000000080e00000| Untracked 
|  15|0x0000000080f00000, 0x0000000080f00000, 0x0000000081000000|  0%| F|  |TAMS 0x0000000080f00000, 0x0000000080f00000| Untracked 
|  16|0x0000000081000000, 0x0000000081000000, 0x0000000081100000|  0%| F|  |TAMS 0x0000000081000000, 0x0000000081000000| Untracked 
|  17|0x0000000081100000, 0x0000000081100000, 0x0000000081200000|  0%| F|  |TAMS 0x0000000081100000, 0x0000000081100000| Untracked 
|  18|0x0000000081200000, 0x0000000081200000, 0x0000000081300000|  0%| F|  |TAMS 0x0000000081200000, 0x0000000081200000| Untracked 
|  19|0x0000000081300000, 0x0000000081300000, 0x0000000081400000|  0%| F|  |TAMS 0x0000000081300000, 0x0000000081300000| Untracked 
|  20|0x0000000081400000, 0x0000000081400000, 0x0000000081500000|  0%| F|  |TAMS 0x0000000081400000, 0x0000000081400000| Untracked 
|  21|0x0000000081500000, 0x0000000081500000, 0x0000000081600000|  0%| F|  |TAMS 0x0000000081500000, 0x0000000081500000| Untracked 
|  22|0x0000000081600000, 0x0000000081600000, 0x0000000081700000|  0%| F|  |TAMS 0x0000000081600000, 0x0000000081600000| Untracked 
|  23|0x0000000081700000, 0x0000000081700000, 0x0000000081800000|  0%| F|  |TAMS 0x0000000081700000, 0x0000000081700000| Untracked 
|  24|0x0000000081800000, 0x0000000081800000, 0x0000000081900000|  0%| F|  |TAMS 0x0000000081800000, 0x0000000081800000| Untracked 
|  25|0x0000000081900000, 0x0000000081900000, 0x0000000081a00000|  0%| F|  |TAMS 0x0000000081900000, 0x0000000081900000| Untracked 
|  26|0x0000000081a00000, 0x0000000081a00000, 0x0000000081b00000|  0%| F|  |TAMS 0x0000000081a00000, 0x0000000081a00000| Untracked 
|  27|0x0000000081b00000, 0x0000000081b00000, 0x0000000081c00000|  0%| F|  |TAMS 0x0000000081b00000, 0x0000000081b00000| Untracked 
|  28|0x0000000081c00000, 0x0000000081c00000, 0x0000000081d00000|  0%| F|  |TAMS 0x0000000081c00000, 0x0000000081c00000| Untracked 
|  29|0x0000000081d00000, 0x0000000081d00000, 0x0000000081e00000|  0%| F|  |TAMS 0x0000000081d00000, 0x0000000081d00000| Untracked 
|  30|0x0000000081e00000, 0x0000000081e00000, 0x0000000081f00000|  0%| F|  |TAMS 0x0000000081e00000, 0x0000000081e00000| Untracked 
|  31|0x0000000081f00000, 0x0000000081f00000, 0x0000000082000000|  0%| F|  |TAMS 0x0000000081f00000, 0x0000000081f00000| Untracked 
|  32|0x0000000082000000, 0x0000000082000000, 0x0000000082100000|  0%| F|  |TAMS 0x0000000082000000, 0x0000000082000000| Untracked 
|  33|0x0000000082100000, 0x0000000082100000, 0x0000000082200000|  0%| F|  |TAMS 0x0000000082100000, 0x0000000082100000| Untracked 
|  34|0x0000000082200000, 0x0000000082200000, 0x0000000082300000|  0%| F|  |TAMS 0x0000000082200000, 0x0000000082200000| Untracked 
|  35|0x0000000082300000, 0x0000000082300000, 0x0000000082400000|  0%| F|  |TAMS 0x0000000082300000, 0x0000000082300000| Untracked 
|  36|0x0000000082400000, 0x0000000082400000, 0x0000000082500000|  0%| F|  |TAMS 0x0000000082400000, 0x0000000082400000| Untracked 
|  37|0x0000000082500000, 0x0000000082500000, 0x0000000082600000|  0%| F|  |TAMS 0x0000000082500000, 0x0000000082500000| Untracked 
|  38|0x0000000082600000, 0x0000000082600000, 0x0000000082700000|  0%| F|  |TAMS 0x0000000082600000, 0x0000000082600000| Untracked 
|  39|0x0000000082700000, 0x0000000082700000, 0x0000000082800000|  0%| F|  |TAMS 0x0000000082700000, 0x0000000082700000| Untracked 
|  40|0x0000000082800000, 0x0000000082800000, 0x0000000082900000|  0%| F|  |TAMS 0x0000000082800000, 0x0000000082800000| Untracked 
|  41|0x0000000082900000, 0x0000000082900000, 0x0000000082a00000|  0%| F|  |TAMS 0x0000000082900000, 0x0000000082900000| Untracked 
|  42|0x0000000082a00000, 0x0000000082a00000, 0x0000000082b00000|  0%| F|  |TAMS 0x0000000082a00000, 0x0000000082a00000| Untracked 
|  43|0x0000000082b00000, 0x0000000082b00000, 0x0000000082c00000|  0%| F|  |TAMS 0x0000000082b00000, 0x0000000082b00000| Untracked 
|  44|0x0000000082c00000, 0x0000000082c00000, 0x0000000082d00000|  0%| F|  |TAMS 0x0000000082c00000, 0x0000000082c00000| Untracked 
|  45|0x0000000082d00000, 0x0000000082d00000, 0x0000000082e00000|  0%| F|  |TAMS 0x0000000082d00000, 0x0000000082d00000| Untracked 
|  46|0x0000000082e00000, 0x0000000082e00000, 0x0000000082f00000|  0%| F|  |TAMS 0x0000000082e00000, 0x0000000082e00000| Untracked 
|  47|0x0000000082f00000, 0x0000000082f00000, 0x0000000083000000|  0%| F|  |TAMS 0x0000000082f00000, 0x0000000082f00000| Untracked 
|  48|0x0000000083000000, 0x0000000083000000, 0x0000000083100000|  0%| F|  |TAMS 0x0000000083000000, 0x0000000083000000| Untracked 
|  49|0x0000000083100000, 0x0000000083100000, 0x0000000083200000|  0%| F|  |TAMS 0x0000000083100000, 0x0000000083100000| Untracked 
|  50|0x0000000083200000, 0x0000000083200000, 0x0000000083300000|  0%| F|  |TAMS 0x0000000083200000, 0x0000000083200000| Untracked 
|  51|0x0000000083300000, 0x0000000083300000, 0x0000000083400000|  0%| F|  |TAMS 0x0000000083300000, 0x0000000083300000| Untracked 
|  52|0x0000000083400000, 0x0000000083400000, 0x0000000083500000|  0%| F|  |TAMS 0x0000000083400000, 0x0000000083400000| Untracked 
|  53|0x0000000083500000, 0x0000000083500000, 0x0000000083600000|  0%| F|  |TAMS 0x0000000083500000, 0x0000000083500000| Untracked 
|  54|0x0000000083600000, 0x0000000083600000, 0x0000000083700000|  0%| F|  |TAMS 0x0000000083600000, 0x0000000083600000| Untracked 
|  55|0x0000000083700000, 0x0000000083700000, 0x0000000083800000|  0%| F|  |TAMS 0x0000000083700000, 0x0000000083700000| Untracked 
|  56|0x0000000083800000, 0x0000000083800000, 0x0000000083900000|  0%| F|  |TAMS 0x0000000083800000, 0x0000000083800000| Untracked 
|  57|0x0000000083900000, 0x0000000083900000, 0x0000000083a00000|  0%| F|  |TAMS 0x0000000083900000, 0x0000000083900000| Untracked 
|  58|0x0000000083a00000, 0x0000000083a00000, 0x0000000083b00000|  0%| F|  |TAMS 0x0000000083a00000, 0x0000000083a00000| Untracked 
|  59|0x0000000083b00000, 0x0000000083b00000, 0x0000000083c00000|  0%| F|  |TAMS 0x0000000083b00000, 0x0000000083b00000| Untracked 
|  60|0x0000000083c00000, 0x0000000083c00000, 0x0000000083d00000|  0%| F|  |TAMS 0x0000000083c00000, 0x0000000083c00000| Untracked 
|  61|0x0000000083d00000, 0x0000000083d00000, 0x0000000083e00000|  0%| F|  |TAMS 0x0000000083d00000, 0x0000000083d00000| Untracked 
|  62|0x0000000083e00000, 0x0000000083e00000, 0x0000000083f00000|  0%| F|  |TAMS 0x0000000083e00000, 0x0000000083e00000| Untracked 
|  63|0x0000000083f00000, 0x0000000083f00000, 0x0000000084000000|  0%| F|  |TAMS 0x0000000083f00000, 0x0000000083f00000| Untracked 
|  64|0x0000000084000000, 0x0000000084000000, 0x0000000084100000|  0%| F|  |TAMS 0x0000000084000000, 0x0000000084000000| Untracked 
|  65|0x0000000084100000, 0x0000000084100000, 0x0000000084200000|  0%| F|  |TAMS 0x0000000084100000, 0x0000000084100000| Untracked 
|  66|0x0000000084200000, 0x0000000084200000, 0x0000000084300000|  0%| F|  |TAMS 0x0000000084200000, 0x0000000084200000| Untracked 
|  67|0x0000000084300000, 0x0000000084300000, 0x0000000084400000|  0%| F|  |TAMS 0x0000000084300000, 0x0000000084300000| Untracked 
|  68|0x0000000084400000, 0x0000000084400000, 0x0000000084500000|  0%| F|  |TAMS 0x0000000084400000, 0x0000000084400000| Untracked 
|  69|0x0000000084500000, 0x0000000084500000, 0x0000000084600000|  0%| F|  |TAMS 0x0000000084500000, 0x0000000084500000| Untracked 
|  70|0x0000000084600000, 0x0000000084600000, 0x0000000084700000|  0%| F|  |TAMS 0x0000000084600000, 0x0000000084600000| Untracked 
|  71|0x0000000084700000, 0x0000000084700000, 0x0000000084800000|  0%| F|  |TAMS 0x0000000084700000, 0x0000000084700000| Untracked 
|  72|0x0000000084800000, 0x0000000084800000, 0x0000000084900000|  0%| F|  |TAMS 0x0000000084800000, 0x0000000084800000| Untracked 
|  73|0x0000000084900000, 0x0000000084900000, 0x0000000084a00000|  0%| F|  |TAMS 0x0000000084900000, 0x0000000084900000| Untracked 
|  74|0x0000000084a00000, 0x0000000084a00000, 0x0000000084b00000|  0%| F|  |TAMS 0x0000000084a00000, 0x0000000084a00000| Untracked 
|  75|0x0000000084b00000, 0x0000000084b00000, 0x0000000084c00000|  0%| F|  |TAMS 0x0000000084b00000, 0x0000000084b00000| Untracked 
|  76|0x0000000084c00000, 0x0000000084c00000, 0x0000000084d00000|  0%| F|  |TAMS 0x0000000084c00000, 0x0000000084c00000| Untracked 
|  77|0x0000000084d00000, 0x0000000084d00000, 0x0000000084e00000|  0%| F|  |TAMS 0x0000000084d00000, 0x0000000084d00000| Untracked 
|  78|0x0000000084e00000, 0x0000000084e00000, 0x0000000084f00000|  0%| F|  |TAMS 0x0000000084e00000, 0x0000000084e00000| Untracked 
|  79|0x0000000084f00000, 0x0000000084f00000, 0x0000000085000000|  0%| F|  |TAMS 0x0000000084f00000, 0x0000000084f00000| Untracked 
|  80|0x0000000085000000, 0x0000000085000000, 0x0000000085100000|  0%| F|  |TAMS 0x0000000085000000, 0x0000000085000000| Untracked 
|  81|0x0000000085100000, 0x0000000085100000, 0x0000000085200000|  0%| F|  |TAMS 0x0000000085100000, 0x0000000085100000| Untracked 
|  82|0x0000000085200000, 0x0000000085200000, 0x0000000085300000|  0%| F|  |TAMS 0x0000000085200000, 0x0000000085200000| Untracked 
|  83|0x0000000085300000, 0x0000000085300000, 0x0000000085400000|  0%| F|  |TAMS 0x0000000085300000, 0x0000000085300000| Untracked 
|  84|0x0000000085400000, 0x0000000085400000, 0x0000000085500000|  0%| F|  |TAMS 0x0000000085400000, 0x0000000085400000| Untracked 
|  85|0x0000000085500000, 0x0000000085500000, 0x0000000085600000|  0%| F|  |TAMS 0x0000000085500000, 0x0000000085500000| Untracked 
|  86|0x0000000085600000, 0x0000000085600000, 0x0000000085700000|  0%| F|  |TAMS 0x0000000085600000, 0x0000000085600000| Untracked 
|  87|0x0000000085700000, 0x0000000085700000, 0x0000000085800000|  0%| F|  |TAMS 0x0000000085700000, 0x0000000085700000| Untracked 
|  88|0x0000000085800000, 0x0000000085800000, 0x0000000085900000|  0%| F|  |TAMS 0x0000000085800000, 0x0000000085800000| Untracked 
|  89|0x0000000085900000, 0x0000000085900000, 0x0000000085a00000|  0%| F|  |TAMS 0x0000000085900000, 0x0000000085900000| Untracked 
|  90|0x0000000085a00000, 0x0000000085a00000, 0x0000000085b00000|  0%| F|  |TAMS 0x0000000085a00000, 0x0000000085a00000| Untracked 
|  91|0x0000000085b00000, 0x0000000085b00000, 0x0000000085c00000|  0%| F|  |TAMS 0x0000000085b00000, 0x0000000085b00000| Untracked 
|  92|0x0000000085c00000, 0x0000000085c00000, 0x0000000085d00000|  0%| F|  |TAMS 0x0000000085c00000, 0x0000000085c00000| Untracked 
|  93|0x0000000085d00000, 0x0000000085d00000, 0x0000000085e00000|  0%| F|  |TAMS 0x0000000085d00000, 0x0000000085d00000| Untracked 
|  94|0x0000000085e00000, 0x0000000085e00000, 0x0000000085f00000|  0%| F|  |TAMS 0x0000000085e00000, 0x0000000085e00000| Untracked 
|  95|0x0000000085f00000, 0x0000000085f00000, 0x0000000086000000|  0%| F|  |TAMS 0x0000000085f00000, 0x0000000085f00000| Untracked 
|  96|0x0000000086000000, 0x0000000086000000, 0x0000000086100000|  0%| F|  |TAMS 0x0000000086000000, 0x0000000086000000| Untracked 
|  97|0x0000000086100000, 0x0000000086100000, 0x0000000086200000|  0%| F|  |TAMS 0x0000000086100000, 0x0000000086100000| Untracked 
|  98|0x0000000086200000, 0x0000000086200000, 0x0000000086300000|  0%| F|  |TAMS 0x0000000086200000, 0x0000000086200000| Untracked 
|  99|0x0000000086300000, 0x0000000086300000, 0x0000000086400000|  0%| F|  |TAMS 0x0000000086300000, 0x0000000086300000| Untracked 
| 100|0x0000000086400000, 0x0000000086400000, 0x0000000086500000|  0%| F|  |TAMS 0x0000000086400000, 0x0000000086400000| Untracked 
| 101|0x0000000086500000, 0x0000000086500000, 0x0000000086600000|  0%| F|  |TAMS 0x0000000086500000, 0x0000000086500000| Untracked 
| 102|0x0000000086600000, 0x0000000086600000, 0x0000000086700000|  0%| F|  |TAMS 0x0000000086600000, 0x0000000086600000| Untracked 
| 103|0x0000000086700000, 0x0000000086700000, 0x0000000086800000|  0%| F|  |TAMS 0x0000000086700000, 0x0000000086700000| Untracked 
| 104|0x0000000086800000, 0x0000000086800000, 0x0000000086900000|  0%| F|  |TAMS 0x0000000086800000, 0x0000000086800000| Untracked 
| 105|0x0000000086900000, 0x0000000086900000, 0x0000000086a00000|  0%| F|  |TAMS 0x0000000086900000, 0x0000000086900000| Untracked 
| 106|0x0000000086a00000, 0x0000000086a00000, 0x0000000086b00000|  0%| F|  |TAMS 0x0000000086a00000, 0x0000000086a00000| Untracked 
| 107|0x0000000086b00000, 0x0000000086b00000, 0x0000000086c00000|  0%| F|  |TAMS 0x0000000086b00000, 0x0000000086b00000| Untracked 
| 108|0x0000000086c00000, 0x0000000086c00000, 0x0000000086d00000|  0%| F|  |TAMS 0x0000000086c00000, 0x0000000086c00000| Untracked 
| 109|0x0000000086d00000, 0x0000000086d00000, 0x0000000086e00000|  0%| F|  |TAMS 0x0000000086d00000, 0x0000000086d00000| Untracked 
| 110|0x0000000086e00000, 0x0000000086e00000, 0x0000000086f00000|  0%| F|  |TAMS 0x0000000086e00000, 0x0000000086e00000| Untracked 
| 111|0x0000000086f00000, 0x0000000086f00000, 0x0000000087000000|  0%| F|  |TAMS 0x0000000086f00000, 0x0000000086f00000| Untracked 
| 112|0x0000000087000000, 0x0000000087000000, 0x0000000087100000|  0%| F|  |TAMS 0x0000000087000000, 0x0000000087000000| Untracked 
| 113|0x0000000087100000, 0x0000000087100000, 0x0000000087200000|  0%| F|  |TAMS 0x0000000087100000, 0x0000000087100000| Untracked 
| 114|0x0000000087200000, 0x0000000087200000, 0x0000000087300000|  0%| F|  |TAMS 0x0000000087200000, 0x0000000087200000| Untracked 
| 115|0x0000000087300000, 0x0000000087300000, 0x0000000087400000|  0%| F|  |TAMS 0x0000000087300000, 0x0000000087300000| Untracked 
| 116|0x0000000087400000, 0x0000000087400000, 0x0000000087500000|  0%| F|  |TAMS 0x0000000087400000, 0x0000000087400000| Untracked 
| 117|0x0000000087500000, 0x0000000087500000, 0x0000000087600000|  0%| F|  |TAMS 0x0000000087500000, 0x0000000087500000| Untracked 
| 118|0x0000000087600000, 0x0000000087600000, 0x0000000087700000|  0%| F|  |TAMS 0x0000000087600000, 0x0000000087600000| Untracked 
| 119|0x0000000087700000, 0x0000000087800000, 0x0000000087800000|100%| E|  |TAMS 0x0000000087700000, 0x0000000087700000| Complete 
| 120|0x0000000087800000, 0x0000000087900000, 0x0000000087900000|100%| E|CS|TAMS 0x0000000087800000, 0x0000000087800000| Complete 
| 121|0x0000000087900000, 0x0000000087a00000, 0x0000000087a00000|100%| E|CS|TAMS 0x0000000087900000, 0x0000000087900000| Complete 
| 122|0x0000000087a00000, 0x0000000087b00000, 0x0000000087b00000|100%| E|CS|TAMS 0x0000000087a00000, 0x0000000087a00000| Complete 
| 123|0x0000000087b00000, 0x0000000087c00000, 0x0000000087c00000|100%| E|CS|TAMS 0x0000000087b00000, 0x0000000087b00000| Complete 
| 124|0x0000000087c00000, 0x0000000087d00000, 0x0000000087d00000|100%| E|CS|TAMS 0x0000000087c00000, 0x0000000087c00000| Complete 
| 125|0x0000000087d00000, 0x0000000087d53a90, 0x0000000087e00000| 32%| S|CS|TAMS 0x0000000087d00000, 0x0000000087d00000| Complete 
| 126|0x0000000087e00000, 0x0000000087f00000, 0x0000000087f00000|100%| E|CS|TAMS 0x0000000087e00000, 0x0000000087e00000| Complete 
| 127|0x0000000087f00000, 0x0000000088000000, 0x0000000088000000|100%| E|CS|TAMS 0x0000000087f00000, 0x0000000087f00000| Complete 

Card table byte_map: [0x000001d97de60000,0x000001d97e260000] _byte_map_base: 0x000001d97da60000

Marking Bits (Prev, Next): (CMBitMap*) 0x000001d96b339f50, (CMBitMap*) 0x000001d96b339f10
 Prev Bits: [0x000001d902000000, 0x000001d904000000)
 Next Bits: [0x000001d900000000, 0x000001d902000000)

Polling page: 0x000001d96aaa0000

Metaspace:

Usage:
  Non-class:     20.50 MB used.
      Class:      2.47 MB used.
       Both:     22.96 MB used.

Virtual space:
  Non-class space:       64.00 MB reserved,      20.62 MB ( 32%) committed,  1 nodes.
      Class space:        1.00 GB reserved,       2.62 MB ( <1%) committed,  1 nodes.
             Both:        1.06 GB reserved,      23.25 MB (  2%) committed. 

Chunk freelists:
   Non-Class:  10.51 MB
       Class:  13.42 MB
        Both:  23.93 MB

MaxMetaspaceSize: unlimited
CompressedClassSpaceSize: 1.00 GB
Initial GC threshold: 21.00 MB
Current GC threshold: 35.25 MB
CDS: off
MetaspaceReclaimPolicy: balanced
 - commit_granule_bytes: 65536.
 - commit_granule_words: 8192.
 - virtual_space_node_default_size: 8388608.
 - enlarge_chunks_in_place: 1.
 - new_chunks_are_fully_committed: 0.
 - uncommit_free_chunks: 1.
 - use_allocation_guard: 0.
 - handle_deallocations: 1.


Internal statistics:

num_allocs_failed_limit: 3.
num_arena_births: 276.
num_arena_deaths: 16.
num_vsnodes_births: 2.
num_vsnodes_deaths: 0.
num_space_committed: 372.
num_space_uncommitted: 0.
num_chunks_returned_to_freelist: 25.
num_chunks_taken_from_freelist: 644.
num_chunk_merges: 0.
num_chunk_splits: 374.
num_chunks_enlarged: 196.
num_inconsistent_stats: 0.

CodeHeap 'non-profiled nmethods': size=120000Kb used=539Kb max_used=539Kb free=119460Kb
 bounds [0x000001d976530000, 0x000001d9767a0000, 0x000001d97da60000]
CodeHeap 'profiled nmethods': size=120000Kb used=3540Kb max_used=3540Kb free=116459Kb
 bounds [0x000001d96ea60000, 0x000001d96ede0000, 0x000001d975f90000]
CodeHeap 'non-nmethods': size=5760Kb used=1236Kb max_used=1250Kb free=4523Kb
 bounds [0x000001d975f90000, 0x000001d976200000, 0x000001d976530000]
 total_blobs=2413 nmethods=1866 adapters=460
 compilation: enabled
              stopped_count=0, restarted_count=0
 full_count=0

Compilation events (20 events):
Event: 21.511 Thread 0x000001d97edfa3c0 nmethod 1700 0x000001d96ed6a710 code [0x000001d96ed6a900, 0x000001d96ed6af18]
Event: 21.511 Thread 0x000001d97edfa3c0 1701       3       sun.util.locale.InternalLocaleBuilder::setLanguageTag (173 bytes)
Event: 21.514 Thread 0x000001d97edfa3c0 nmethod 1701 0x000001d96ed6b110 code [0x000001d96ed6b500, 0x000001d96ed6d058]
Event: 21.515 Thread 0x000001d97edfa3c0 1703       3       sun.util.locale.LanguageTag::parseRegion (55 bytes)
Event: 21.516 Thread 0x000001d97edfa3c0 nmethod 1703 0x000001d96ed6d790 code [0x000001d96ed6d960, 0x000001d96ed6dd58]
Event: 21.516 Thread 0x000001d97edfa3c0 1705       3       sun.util.locale.LanguageTag::parseExtensions (208 bytes)
Event: 21.520 Thread 0x000001d97edfa3c0 nmethod 1705 0x000001d96ed6de90 code [0x000001d96ed6e280, 0x000001d96ed6fae8]
Event: 21.520 Thread 0x000001d97edfa3c0 1706       3       sun.util.locale.LanguageTag::parsePrivateuse (144 bytes)
Event: 21.523 Thread 0x000001d97edfa3c0 nmethod 1706 0x000001d96ed70390 code [0x000001d96ed70680, 0x000001d96ed71628]
Event: 21.591 Thread 0x000001d97edfa3c0 1709       1       com.mysql.cj.protocol.a.NativeProtocol::getServerSession (5 bytes)
Event: 21.592 Thread 0x000001d97edfa3c0 nmethod 1709 0x000001d9765b4290 code [0x000001d9765b4420, 0x000001d9765b44f8]
Event: 21.650 Thread 0x000001d97eddcde0 1710       4       java.util.regex.ASCII::toLower (16 bytes)
Event: 21.652 Thread 0x000001d97edfa3c0 1711       3       java.lang.Character::getType (9 bytes)
Event: 21.652 Thread 0x000001d97eddcde0 nmethod 1710 0x000001d9765b4590 code [0x000001d9765b4700, 0x000001d9765b4778]
Event: 21.652 Thread 0x000001d97edfa3c0 nmethod 1711 0x000001d96ed71b90 code [0x000001d96ed71d40, 0x000001d96ed71f38]
Event: 21.652 Thread 0x000001d97edfa3c0 1712       3       java.lang.CharacterDataLatin1::getType (11 bytes)
Event: 21.653 Thread 0x000001d97edfa3c0 nmethod 1712 0x000001d96ed72010 code [0x000001d96ed721c0, 0x000001d96ed72378]
Event: 21.653 Thread 0x000001d97edfa3c0 1713       3       java.lang.Character::isLetterOrDigit (19 bytes)
Event: 21.656 Thread 0x000001d97edfa3c0 nmethod 1713 0x000001d96ed72490 code [0x000001d96ed72640, 0x000001d96ed728f8]
Event: 21.667 Thread 0x000001d97eddcde0 1714       4       jdk.internal.org.objectweb.asm.Frame::execute (2305 bytes)

GC Heap History (6 events):
Event: 7.474 GC heap before
{Heap before GC invocations=0 (full 0):
 garbage-first heap   total 131072K, used 14336K [0x0000000080000000, 0x0000000100000000)
  region size 1024K, 13 young (13312K), 0 survivors (0K)
 Metaspace       used 14274K, committed 14528K, reserved 1114112K
  class space    used 1493K, committed 1600K, reserved 1048576K
}
Event: 7.489 GC heap after
{Heap after GC invocations=1 (full 0):
 garbage-first heap   total 131072K, used 5888K [0x0000000080000000, 0x0000000100000000)
  region size 1024K, 2 young (2048K), 2 survivors (2048K)
 Metaspace       used 14274K, committed 14528K, reserved 1114112K
  class space    used 1493K, committed 1600K, reserved 1048576K
}
Event: 9.616 GC heap before
{Heap before GC invocations=1 (full 0):
 garbage-first heap   total 131072K, used 15104K [0x0000000080000000, 0x0000000100000000)
  region size 1024K, 12 young (12288K), 2 survivors (2048K)
 Metaspace       used 18835K, committed 19072K, reserved 1114112K
  class space    used 1989K, committed 2112K, reserved 1048576K
}
Event: 9.623 GC heap after
{Heap after GC invocations=2 (full 0):
 garbage-first heap   total 131072K, used 7873K [0x0000000080000000, 0x0000000100000000)
  region size 1024K, 2 young (2048K), 2 survivors (2048K)
 Metaspace       used 18835K, committed 19072K, reserved 1114112K
  class space    used 1989K, committed 2112K, reserved 1048576K
}
Event: 14.055 GC heap before
{Heap before GC invocations=2 (full 0):
 garbage-first heap   total 131072K, used 8897K [0x0000000080000000, 0x0000000100000000)
  region size 1024K, 4 young (4096K), 2 survivors (2048K)
 Metaspace       used 21259K, committed 21504K, reserved 1114112K
  class space    used 2299K, committed 2432K, reserved 1048576K
}
Event: 14.069 GC heap after
{Heap after GC invocations=3 (full 0):
 garbage-first heap   total 131072K, used 8194K [0x0000000080000000, 0x0000000100000000)
  region size 1024K, 1 young (1024K), 1 survivors (1024K)
 Metaspace       used 21259K, committed 21504K, reserved 1114112K
  class space    used 2299K, committed 2432K, reserved 1048576K
}

Dll operation events (1 events):
Event: 0.404 Loaded shared library C:\Program Files\JetBrains\PhpStorm 2024.1.1\jbr\bin\java.dll

Deoptimization events (20 events):
Event: 13.902 Thread 0x000001d97f41be80 DEOPT PACKING pc=0x000001d97659fcd8 sp=0x0000002a980fc8d0
Event: 13.902 Thread 0x000001d97f41be80 DEOPT UNPACKING pc=0x000001d975fe69a3 sp=0x0000002a980fc838 mode 2
Event: 16.186 Thread 0x000001d97f41be80 Uncommon trap: trap_request=0xffffffde fr.pc=0x000001d97659a05c relative=0x00000000000005bc
Event: 16.186 Thread 0x000001d97f41be80 Uncommon trap: reason=class_check action=maybe_recompile pc=0x000001d97659a05c method=java.util.HashMap.putVal(ILjava/lang/Object;Ljava/lang/Object;ZZ)Ljava/lang/Object; @ 253 c2
Event: 16.186 Thread 0x000001d97f41be80 DEOPT PACKING pc=0x000001d97659a05c sp=0x0000002a980fcfe0
Event: 16.186 Thread 0x000001d97f41be80 DEOPT UNPACKING pc=0x000001d975fe69a3 sp=0x0000002a980fcf90 mode 2
Event: 16.187 Thread 0x000001d97f41be80 Uncommon trap: trap_request=0xffffffde fr.pc=0x000001d97659a05c relative=0x00000000000005bc
Event: 16.187 Thread 0x000001d97f41be80 Uncommon trap: reason=class_check action=maybe_recompile pc=0x000001d97659a05c method=java.util.HashMap.putVal(ILjava/lang/Object;Ljava/lang/Object;ZZ)Ljava/lang/Object; @ 253 c2
Event: 16.187 Thread 0x000001d97f41be80 DEOPT PACKING pc=0x000001d97659a05c sp=0x0000002a980fcfe0
Event: 16.187 Thread 0x000001d97f41be80 DEOPT UNPACKING pc=0x000001d975fe69a3 sp=0x0000002a980fcf90 mode 2
Event: 20.401 Thread 0x000001d97f41be80 Uncommon trap: trap_request=0xffffffc6 fr.pc=0x000001d9765a52bc relative=0x00000000000003fc
Event: 20.401 Thread 0x000001d97f41be80 Uncommon trap: reason=bimorphic_or_optimized_type_check action=maybe_recompile pc=0x000001d9765a52bc method=java.util.regex.Pattern$SliceI.match(Ljava/util/regex/Matcher;ILjava/lang/CharSequence;)Z @ 92 c2
Event: 20.401 Thread 0x000001d97f41be80 DEOPT PACKING pc=0x000001d9765a52bc sp=0x0000002a980fdc70
Event: 20.401 Thread 0x000001d97f41be80 DEOPT UNPACKING pc=0x000001d975fe69a3 sp=0x0000002a980fdc08 mode 2
Event: 20.401 Thread 0x000001d97f41be80 Uncommon trap: trap_request=0xffffffc6 fr.pc=0x000001d9765a52bc relative=0x00000000000003fc
Event: 20.401 Thread 0x000001d97f41be80 Uncommon trap: reason=bimorphic_or_optimized_type_check action=maybe_recompile pc=0x000001d9765a52bc method=java.util.regex.Pattern$SliceI.match(Ljava/util/regex/Matcher;ILjava/lang/CharSequence;)Z @ 92 c2
Event: 20.401 Thread 0x000001d97f41be80 DEOPT PACKING pc=0x000001d9765a52bc sp=0x0000002a980fdcc0
Event: 20.401 Thread 0x000001d97f41be80 DEOPT UNPACKING pc=0x000001d975fe69a3 sp=0x0000002a980fdc58 mode 2
Event: 20.816 Thread 0x000001d97f41be80 DEOPT PACKING pc=0x000001d96ec1d7ce sp=0x0000002a980fc460
Event: 20.816 Thread 0x000001d97f41be80 DEOPT UNPACKING pc=0x000001d975fe7143 sp=0x0000002a980fb8e8 mode 0

Classes unloaded (8 events):
Event: 14.135 Thread 0x000001d97eb6f510 Unloading class 0x0000000100153800 'jdk/internal/reflect/GeneratedSerializationConstructorAccessor15'
Event: 14.135 Thread 0x000001d97eb6f510 Unloading class 0x0000000100153000 'jdk/internal/reflect/GeneratedSerializationConstructorAccessor13'
Event: 14.135 Thread 0x000001d97eb6f510 Unloading class 0x0000000100152800 'jdk/internal/reflect/GeneratedSerializationConstructorAccessor10'
Event: 14.135 Thread 0x000001d97eb6f510 Unloading class 0x0000000100152000 'jdk/internal/reflect/GeneratedSerializationConstructorAccessor9'
Event: 14.135 Thread 0x000001d97eb6f510 Unloading class 0x0000000100151800 'jdk/internal/reflect/GeneratedSerializationConstructorAccessor7'
Event: 14.135 Thread 0x000001d97eb6f510 Unloading class 0x0000000100150000 'jdk/internal/reflect/GeneratedSerializationConstructorAccessor2'
Event: 14.135 Thread 0x000001d97eb6f510 Unloading class 0x000000010014e400 'java/lang/invoke/LambdaForm$MH+0x000000010014e400'
Event: 14.135 Thread 0x000001d97eb6f510 Unloading class 0x000000010014dc00 'java/lang/invoke/LambdaForm$MH+0x000000010014dc00'

Classes redefined (0 events):
No events

Internal exceptions (20 events):
Event: 2.896 Thread 0x000001d96b2e0670 Exception <a 'java/lang/NoSuchMethodError'{0x0000000087b27bf8}: 'void java.lang.invoke.DirectMethodHandle$Holder.invokeStaticInit(java.lang.Object, java.lang.Object)'> (0x0000000087b27bf8) 
thrown [s\src\hotspot\share\interpreter\linkResolver.cpp, line 771]
Event: 2.971 Thread 0x000001d96b2e0670 Exception <a 'java/lang/NoSuchMethodError'{0x0000000087b3a9b8}: 'java.lang.Object java.lang.invoke.DirectMethodHandle$Holder.invokeStaticInit(java.lang.Object)'> (0x0000000087b3a9b8) 
thrown [s\src\hotspot\share\interpreter\linkResolver.cpp, line 771]
Event: 3.161 Thread 0x000001d96b2e0670 Exception <a 'java/lang/NoSuchMethodError'{0x0000000087bb75b0}: 'java.lang.Object java.lang.invoke.DirectMethodHandle$Holder.invokeStaticInit(java.lang.Object, int, int, int, int)'> (0x0000000087bb75b0) 
thrown [s\src\hotspot\share\interpreter\linkResolver.cpp, line 771]
Event: 4.331 Thread 0x000001d96b2e0670 Exception <a 'java/lang/NoSuchMethodError'{0x0000000087a97c50}: 'java.lang.Object java.lang.invoke.DirectMethodHandle$Holder.invokeStaticInit(java.lang.Object, java.lang.Object, int, int, int, int)'> (0x0000000087a97c50) 
thrown [s\src\hotspot\share\interpreter\linkResolver.cpp, line 771]
Event: 4.500 Thread 0x000001d96b2e0670 Implicit null exception at 0x000001d976551a52 to 0x000001d97655244c
Event: 4.673 Thread 0x000001d96b2e0670 Exception <a 'java/lang/NoSuchMethodError'{0x00000000878a0090}: 'java.lang.Object java.lang.invoke.Invokers$Holder.linkToTargetMethod(java.lang.Object, long, java.lang.Object)'> (0x00000000878a0090) 
thrown [s\src\hotspot\share\interpreter\linkResolver.cpp, line 771]
Event: 5.613 Thread 0x000001d97f41be80 Exception <a 'java/lang/NoSuchMethodError'{0x0000000087664a78}: static [B.<clinit>()V> (0x0000000087664a78) 
thrown [s\src\hotspot\share\prims\jni.cpp, line 1122]
Event: 5.613 Thread 0x000001d97f419b10 Exception <a 'java/lang/NoSuchMethodError'{0x0000000087625cd0}: static [B.<clinit>()V> (0x0000000087625cd0) 
thrown [s\src\hotspot\share\prims\jni.cpp, line 1122]
Event: 6.099 Thread 0x000001d97f41be80 Exception <a 'java/lang/NoSuchMethodError'{0x0000000087694d58}: static [Ljava/rmi/server/ObjID;.<clinit>()V> (0x0000000087694d58) 
thrown [s\src\hotspot\share\prims\jni.cpp, line 1122]
Event: 6.107 Thread 0x000001d97f41c8a0 Exception <a 'java/lang/InterruptedException'{0x00000000876ca3f0}> (0x00000000876ca3f0) 
thrown [s\src\hotspot\share\runtime\objectMonitor.cpp, line 1658]
Event: 6.109 Thread 0x000001d97f41be80 Exception <a 'java/lang/NoSuchMethodError'{0x000000008769c790}: 'void java.lang.invoke.DirectMethodHandle$Holder.invokeSpecial(java.lang.Object, java.lang.Object, java.lang.Object)'> (0x000000008769c790) 
thrown [s\src\hotspot\share\interpreter\linkResolver.cpp, line 771]
Event: 6.109 Thread 0x000001d97f41be80 Exception <a 'java/lang/NoSuchMethodError'{0x000000008769fcf8}: 'void java.lang.invoke.Invokers$Holder.invoke_MT(java.lang.Object, java.lang.Object, java.lang.Object)'> (0x000000008769fcf8) 
thrown [s\src\hotspot\share\interpreter\linkResolver.cpp, line 771]
Event: 6.110 Thread 0x000001d97f41c8a0 Exception <a 'java/lang/NoSuchMethodError'{0x00000000876d2b90}: 'java.lang.Object java.lang.invoke.DirectMethodHandle$Holder.newInvokeSpecial(java.lang.Object, java.lang.Object, int, java.lang.Object, long)'> (0x00000000876d2b90) 
thrown [s\src\hotspot\share\interpreter\linkResolver.cpp, line 771]
Event: 7.258 Thread 0x000001d97f41be80 Exception <a 'java/lang/NoSuchMethodError'{0x00000000873413e0}: 'java.lang.Object java.lang.invoke.DirectMethodHandle$Holder.invokeInterface(java.lang.Object, java.lang.Object)'> (0x00000000873413e0) 
thrown [s\src\hotspot\share\interpreter\linkResolver.cpp, line 771]
Event: 7.641 Thread 0x000001d97f41be80 Exception <a 'java/lang/NoSuchMethodError'{0x0000000087fd5d90}: 'java.lang.Object java.lang.invoke.DirectMethodHandle$Holder.invokeVirtual(java.lang.Object, java.lang.Object, java.lang.Object)'> (0x0000000087fd5d90) 
thrown [s\src\hotspot\share\interpreter\linkResolver.cpp, line 771]
Event: 9.024 Thread 0x000001d97f41be80 Exception <a 'sun/nio/fs/WindowsException'{0x00000000877f43f0}> (0x00000000877f43f0) 
thrown [s\src\hotspot\share\prims\jni.cpp, line 531]
Event: 9.331 Thread 0x000001d97f41be80 Exception <a 'java/lang/NoSuchMethodError'{0x0000000087619de0}: 'int java.lang.invoke.DirectMethodHandle$Holder.invokeStaticInit(java.lang.Object, java.lang.Object, java.lang.Object, java.lang.Object)'> (0x0000000087619de0) 
thrown [s\src\hotspot\share\interpreter\linkResolver.cpp, line 771]
Event: 9.333 Thread 0x000001d97f41be80 Exception <a 'java/lang/IncompatibleClassChangeError'{0x0000000087623230}: Found class java.lang.Object, but interface was expected> (0x0000000087623230) 
thrown [s\src\hotspot\share\interpreter\linkResolver.cpp, line 838]
Event: 9.334 Thread 0x000001d97f41be80 Exception <a 'java/lang/NoSuchMethodError'{0x0000000087628738}: 'int java.lang.invoke.DirectMethodHandle$Holder.invokeStaticInit(java.lang.Object, java.lang.Object)'> (0x0000000087628738) 
thrown [s\src\hotspot\share\interpreter\linkResolver.cpp, line 771]
Event: 21.662 Thread 0x000001d97f41be80 Exception <a 'java/lang/NoSuchMethodError'{0x0000000087aa21a0}: 'java.lang.Object java.lang.invoke.DirectMethodHandle$Holder.newInvokeSpecial(java.lang.Object, java.lang.Object, int)'> (0x0000000087aa21a0) 
thrown [s\src\hotspot\share\interpreter\linkResolver.cpp, line 771]

VM Operations (20 events):
Event: 14.007 Executing VM operation: HandshakeAllThreads
Event: 14.008 Executing VM operation: HandshakeAllThreads done
Event: 14.008 Executing VM operation: Cleanup
Event: 14.008 Executing VM operation: Cleanup done
Event: 14.055 Executing VM operation: CollectForMetadataAllocation
Event: 14.069 Executing VM operation: CollectForMetadataAllocation done
Event: 14.134 Executing VM operation: G1PauseRemark
Event: 14.150 Executing VM operation: G1PauseRemark done
Event: 14.157 Executing VM operation: G1PauseCleanup
Event: 14.180 Executing VM operation: G1PauseCleanup done
Event: 16.181 Executing VM operation: Cleanup
Event: 16.182 Executing VM operation: Cleanup done
Event: 20.185 Executing VM operation: Cleanup
Event: 20.185 Executing VM operation: Cleanup done
Event: 21.186 Executing VM operation: Cleanup
Event: 21.257 Executing VM operation: Cleanup done
Event: 21.312 Executing VM operation: HandshakeAllThreads
Event: 21.312 Executing VM operation: HandshakeAllThreads done
Event: 22.313 Executing VM operation: Cleanup
Event: 22.314 Executing VM operation: Cleanup done

Events (20 events):
Event: 21.571 loading class sun/util/resources/Bundles$Strategy done
Event: 21.571 loading class sun/util/resources/LocaleData$LocaleDataStrategy done
Event: 21.571 loading class sun/util/resources/Bundles$CacheKey
Event: 21.571 loading class sun/util/resources/Bundles$CacheKey done
Event: 21.573 loading class sun/util/resources/cldr/CalendarData
Event: 21.577 loading class java/util/ListResourceBundle
Event: 21.578 loading class java/util/ListResourceBundle done
Event: 21.578 loading class sun/util/resources/cldr/CalendarData done
Event: 21.578 loading class java/util/ResourceBundle$ResourceBundleProviderHelper
Event: 21.580 loading class java/util/ResourceBundle$ResourceBundleProviderHelper done
Event: 21.584 loading class sun/util/resources/Bundles$BundleReference
Event: 21.584 loading class sun/util/resources/Bundles$CacheKeyReference
Event: 21.584 loading class sun/util/resources/Bundles$CacheKeyReference done
Event: 21.584 loading class sun/util/resources/Bundles$BundleReference done
Event: 21.585 loading class sun/util/locale/provider/LocaleResources$ResourceReference
Event: 21.585 loading class sun/util/locale/provider/LocaleResources$ResourceReference done
Event: 21.622 loading class java/time/format/DateTimeParseException
Event: 21.625 loading class java/time/DateTimeException
Event: 21.625 loading class java/time/DateTimeException done
Event: 21.625 loading class java/time/format/DateTimeParseException done


Dynamic libraries:
0x00007ff6bff60000 - 0x00007ff6bff6a000 	C:\Program Files\JetBrains\PhpStorm 2024.1.1\jbr\bin\java.exe
0x00007ffa3faf0000 - 0x00007ffa3fce8000 	C:\WINDOWS\SYSTEM32\ntdll.dll
0x00007ffa3f0e0000 - 0x00007ffa3f19d000 	C:\WINDOWS\System32\KERNEL32.DLL
0x00007ffa3d6d0000 - 0x00007ffa3d9c6000 	C:\WINDOWS\System32\KERNELBASE.dll
0x00007ffa3d260000 - 0x00007ffa3d360000 	C:\WINDOWS\System32\ucrtbase.dll
0x00007ffa24820000 - 0x00007ffa2483b000 	C:\Program Files\JetBrains\PhpStorm 2024.1.1\jbr\bin\VCRUNTIME140.dll
0x00007ffa143e0000 - 0x00007ffa143f7000 	C:\Program Files\JetBrains\PhpStorm 2024.1.1\jbr\bin\jli.dll
0x00007ffa3e1f0000 - 0x00007ffa3e38f000 	C:\WINDOWS\System32\USER32.dll
0x00007ffa3d6a0000 - 0x00007ffa3d6c2000 	C:\WINDOWS\System32\win32u.dll
0x00007ffa3fa80000 - 0x00007ffa3faab000 	C:\WINDOWS\System32\GDI32.dll
0x00007ffa3d420000 - 0x00007ffa3d537000 	C:\WINDOWS\System32\gdi32full.dll
0x00007ffa3d9d0000 - 0x00007ffa3da6d000 	C:\WINDOWS\System32\msvcp_win.dll
0x00007ffa2cb70000 - 0x00007ffa2ce0a000 	C:\WINDOWS\WinSxS\amd64_microsoft.windows.common-controls_6595b64144ccf1df_6.0.19041.4355_none_60b8b9eb71f62e16\COMCTL32.dll
0x00007ffa3e150000 - 0x00007ffa3e1ee000 	C:\WINDOWS\System32\msvcrt.dll
0x00007ffa3e570000 - 0x00007ffa3e5a2000 	C:\WINDOWS\System32\IMM32.DLL
0x00007ffa373f0000 - 0x00007ffa373fc000 	C:\Program Files\JetBrains\PhpStorm 2024.1.1\jbr\bin\vcruntime140_1.dll
0x00007ff9afac0000 - 0x00007ff9afb4d000 	C:\Program Files\JetBrains\PhpStorm 2024.1.1\jbr\bin\msvcp140.dll
0x00007ff9fcff0000 - 0x00007ff9fdc72000 	C:\Program Files\JetBrains\PhpStorm 2024.1.1\jbr\bin\server\jvm.dll
0x00007ffa3e830000 - 0x00007ffa3e8e0000 	C:\WINDOWS\System32\ADVAPI32.dll
0x00007ffa3e5c0000 - 0x00007ffa3e660000 	C:\WINDOWS\System32\sechost.dll
0x00007ffa3f3c0000 - 0x00007ffa3f4e3000 	C:\WINDOWS\System32\RPCRT4.dll
0x00007ffa3d1a0000 - 0x00007ffa3d1c7000 	C:\WINDOWS\System32\bcrypt.dll
0x00007ffa3c720000 - 0x00007ffa3c76b000 	C:\WINDOWS\SYSTEM32\POWRPROF.dll
0x00007ffa3b8a0000 - 0x00007ffa3b8a9000 	C:\WINDOWS\SYSTEM32\WSOCK32.dll
0x00007ffa3f350000 - 0x00007ffa3f3bb000 	C:\WINDOWS\System32\WS2_32.dll
0x00007ffa2f340000 - 0x00007ffa2f367000 	C:\WINDOWS\SYSTEM32\WINMM.dll
0x00007ffa31670000 - 0x00007ffa3167a000 	C:\WINDOWS\SYSTEM32\VERSION.dll
0x00007ffa3c590000 - 0x00007ffa3c5a2000 	C:\WINDOWS\SYSTEM32\UMPDC.dll
0x00007ffa3b9b0000 - 0x00007ffa3b9c2000 	C:\WINDOWS\SYSTEM32\kernel.appcore.dll
0x00007ffa23660000 - 0x00007ffa2366a000 	C:\Program Files\JetBrains\PhpStorm 2024.1.1\jbr\bin\jimage.dll
0x00007ffa3b690000 - 0x00007ffa3b874000 	C:\WINDOWS\SYSTEM32\DBGHELP.DLL
0x00007ffa31680000 - 0x00007ffa316b4000 	C:\WINDOWS\SYSTEM32\dbgcore.DLL
0x00007ffa3d1d0000 - 0x00007ffa3d252000 	C:\WINDOWS\System32\bcryptPrimitives.dll
0x00007ffa234a0000 - 0x00007ffa234c5000 	C:\Program Files\JetBrains\PhpStorm 2024.1.1\jbr\bin\java.dll
0x00007ffa22d30000 - 0x00007ffa22d48000 	C:\Program Files\JetBrains\PhpStorm 2024.1.1\jbr\bin\zip.dll
0x00007ffa3e970000 - 0x00007ffa3f0db000 	C:\WINDOWS\System32\SHELL32.dll
0x00007ffa3ae20000 - 0x00007ffa3b5bd000 	C:\WINDOWS\SYSTEM32\windows.storage.dll
0x00007ffa3db20000 - 0x00007ffa3de73000 	C:\WINDOWS\System32\combase.dll
0x00007ffa3cbc0000 - 0x00007ffa3cbee000 	C:\WINDOWS\SYSTEM32\Wldp.dll
0x00007ffa3e440000 - 0x00007ffa3e50d000 	C:\WINDOWS\System32\OLEAUT32.dll
0x00007ffa3f960000 - 0x00007ffa3fa0d000 	C:\WINDOWS\System32\SHCORE.dll
0x00007ffa3e7d0000 - 0x00007ffa3e825000 	C:\WINDOWS\System32\shlwapi.dll
0x00007ffa3d0d0000 - 0x00007ffa3d0f4000 	C:\WINDOWS\SYSTEM32\profapi.dll
0x00007ffa2c430000 - 0x00007ffa2c449000 	C:\Program Files\JetBrains\PhpStorm 2024.1.1\jbr\bin\net.dll
0x00007ffa2f630000 - 0x00007ffa2f73a000 	C:\WINDOWS\SYSTEM32\WINHTTP.dll
0x00007ffa3c920000 - 0x00007ffa3c98a000 	C:\WINDOWS\system32\mswsock.dll
0x00007ffa24db0000 - 0x00007ffa24dc6000 	C:\Program Files\JetBrains\PhpStorm 2024.1.1\jbr\bin\nio.dll
0x00007ffa3c5b0000 - 0x00007ffa3c5eb000 	C:\WINDOWS\SYSTEM32\IPHLPAPI.DLL
0x00007ffa3e900000 - 0x00007ffa3e908000 	C:\WINDOWS\System32\NSI.dll
0x00007ffa31800000 - 0x00007ffa31817000 	C:\WINDOWS\SYSTEM32\dhcpcsvc6.DLL
0x00007ffa33c10000 - 0x00007ffa33c2d000 	C:\WINDOWS\SYSTEM32\dhcpcsvc.DLL
0x00007ffa3c600000 - 0x00007ffa3c6cb000 	C:\WINDOWS\SYSTEM32\DNSAPI.dll
0x00007ffa3cb10000 - 0x00007ffa3cb28000 	C:\WINDOWS\SYSTEM32\CRYPTSP.dll
0x00007ffa3c1d0000 - 0x00007ffa3c204000 	C:\WINDOWS\system32\rsaenh.dll
0x00007ffa3d040000 - 0x00007ffa3d06e000 	C:\WINDOWS\SYSTEM32\USERENV.dll
0x00007ffa3cb30000 - 0x00007ffa3cb3c000 	C:\WINDOWS\SYSTEM32\CRYPTBASE.dll
0x00007ffa15d10000 - 0x00007ffa15d19000 	C:\Program Files\JetBrains\PhpStorm 2024.1.1\jbr\bin\extnet.dll
0x00007ffa38650000 - 0x00007ffa38657000 	C:\Program Files\JetBrains\PhpStorm 2024.1.1\jbr\bin\rmi.dll
0x00007ffa2c300000 - 0x00007ffa2c30a000 	C:\Windows\System32\rasadhlp.dll
0x00007ffa2c620000 - 0x00007ffa2c6a0000 	C:\WINDOWS\System32\fwpuclnt.dll
0x00007ffa192a0000 - 0x00007ffa192ae000 	C:\Program Files\JetBrains\PhpStorm 2024.1.1\jbr\bin\sunmscapi.dll
0x00007ffa3d540000 - 0x00007ffa3d69e000 	C:\WINDOWS\System32\CRYPT32.dll
0x00007ffa3cc30000 - 0x00007ffa3cc59000 	C:\WINDOWS\SYSTEM32\ncrypt.dll
0x00007ffa3cbf0000 - 0x00007ffa3cc2b000 	C:\WINDOWS\SYSTEM32\NTASN1.dll

dbghelp: loaded successfully - version: 4.0.5 - missing functions: none
symbol engine: initialized successfully - sym options: 0x614 - pdb path: .;C:\Program Files\JetBrains\PhpStorm 2024.1.1\jbr\bin;C:\WINDOWS\SYSTEM32;C:\WINDOWS\WinSxS\amd64_microsoft.windows.common-controls_6595b64144ccf1df_6.0.19041.4355_none_60b8b9eb71f62e16;C:\Program Files\JetBrains\PhpStorm 2024.1.1\jbr\bin\server

VM Arguments:
jvm_args: -Djava.rmi.server.hostname=127.0.0.1 -Duser.timezone=UTC -Xmx2048m -Xms128m -Djdbc.classpath=C:\Program Files\JetBrains\PhpStorm 2024.1.1\plugins\DatabaseTools\lib\jdbc-console.jar;C:\Users\Костя\AppData\Roaming\JetBrains\PhpStorm2024.1\jdbc-drivers\MySQL ConnectorJ\8.2.0\com\mysql\mysql-connector-j\8.2.0\mysql-connector-j-8.2.0.jar;C:\Users\Костя\AppData\Roaming\JetBrains\PhpStorm2024.1\jdbc-drivers\MySQL ConnectorJ\8.2.0\com\google\protobuf\protobuf-java\3.21.9\protobuf-java-3.21.9.jar --add-exports=java.desktop/sun.awt=ALL-UNNAMED --add-exports=java.desktop/java.awt.peer=ALL-UNNAMED --add-opens=java.desktop/java.awt=ALL-UNNAMED --add-opens=jdk.unsupported/sun.misc=ALL-UNNAMED --add-opens=java.base/java.nio=ALL-UNNAMED --add-opens=java.base/java.util=ALL-UNNAMED -Dfile.encoding=UTF-8 
java_command: com.intellij.database.remote.RemoteJdbcServer com.mysql.cj.jdbc.Driver
java_class_path (initial): C:\Program Files\JetBrains\PhpStorm 2024.1.1\lib\util_rt.jar;C:\Program Files\JetBrains\PhpStorm 2024.1.1\lib\util-8.jar;C:\Program Files\JetBrains\PhpStorm 2024.1.1\lib\groovy.jar;C:\Program Files\JetBrains\PhpStorm 2024.1.1\plugins\DatabaseTools\lib\jdbc-console.jar;C:\Program Files\JetBrains\PhpStorm 2024.1.1\plugins\grid-core-impl\lib\jdbc-console-types.jar;C:\Program Files\JetBrains\PhpStorm 2024.1.1\lib\util.jar
Launcher Type: SUN_STANDARD

[Global flags]
     intx CICompilerCount                          = 3                                         {product} {ergonomic}
     uint ConcGCThreads                            = 1                                         {product} {ergonomic}
     uint G1ConcRefinementThreads                  = 4                                         {product} {ergonomic}
   size_t G1HeapRegionSize                         = 1048576                                   {product} {ergonomic}
    uintx GCDrainStackTargetSize                   = 64                                        {product} {ergonomic}
   size_t InitialHeapSize                          = 134217728                                 {product} {command line}
   size_t MarkStackSize                            = 4194304                                   {product} {ergonomic}
   size_t MaxHeapSize                              = 2147483648                                {product} {command line}
   size_t MaxNewSize                               = 1287651328                                {product} {ergonomic}
   size_t MinHeapDeltaBytes                        = 1048576                                   {product} {ergonomic}
   size_t MinHeapSize                              = 134217728                                 {product} {command line}
    uintx NonNMethodCodeHeapSize                   = 5832780                                {pd product} {ergonomic}
    uintx NonProfiledCodeHeapSize                  = 122912730                              {pd product} {ergonomic}
    uintx ProfiledCodeHeapSize                     = 122912730                              {pd product} {ergonomic}
    uintx ReservedCodeCacheSize                    = 251658240                              {pd product} {ergonomic}
     bool SegmentedCodeCache                       = true                                      {product} {ergonomic}
   size_t SoftMaxHeapSize                          = 2147483648                             {manageable} {ergonomic}
     bool UseCompressedClassPointers               = true                           {product lp64_product} {ergonomic}
     bool UseCompressedOops                        = true                           {product lp64_product} {ergonomic}
     bool UseG1GC                                  = true                                      {product} {ergonomic}
     bool UseLargePagesIndividualAllocation        = false                                  {pd product} {ergonomic}

Logging:
Log output configuration:
 #0: stdout all=warning uptime,level,tags
 #1: stderr all=off uptime,level,tags

Environment Variables:
PATH=C:\WINDOWS\system32;C:\WINDOWS;C:\WINDOWS\System32\Wbem;C:\WINDOWS\System32\WindowsPowerShell\v1.0\;C:\WINDOWS\System32\OpenSSH\;C:\Program Files\Git\cmd;C:\Program Files\Ampps\php;C:\composer;C:\Program Files\nodejs\;C:\Users\Костя\AppData\Local\Microsoft\WindowsApps;;C:\Users\Костя\AppData\Local\Programs\Microsoft VS Code\bin;C:\Users\Костя\AppData\Roaming\Composer\vendor\bin;C:\Users\Костя\AppData\Roaming\npm
USERNAME=Костя
OS=Windows_NT
PROCESSOR_IDENTIFIER=Intel64 Family 6 Model 69 Stepping 1, GenuineIntel
TMP=C:\Users\685F~1\AppData\Local\Temp
TEMP=C:\Users\685F~1\AppData\Local\Temp



Periodic native trim disabled

JNI global refs:
JNI global refs: 17, weak refs: 0

JNI global refs memory usage: 843, weak refs: 209

OOME stack traces (most recent first):
Classloader memory used:
Loader bootstrap                                                                       : 2339K
Loader com.intellij.database.remote.jdbc.impl.JdbcClassLoader$JdbcClassLoaderImpl      : 326K
Loader jdk.internal.loader.ClassLoaders$AppClassLoader                                 : 211K
Loader jdk.internal.loader.ClassLoaders$PlatformClassLoader                            : 90332B
Loader jdk.internal.reflect.DelegatingClassLoader                                      : 10620B
Loader com.intellij.database.remote.jdbc.impl.JdbcClassLoader$1                        : 829B


---------------  S Y S T E M  ---------------

OS:
 Windows 10 , 64 bit Build 19041 (10.0.19041.3636)
OS uptime: 4 days 21:59 hours

CPU: total 4 (initial active 4) (2 cores per cpu, 2 threads per core) family 6 model 69 stepping 1 microcode 0x25, cx8, cmov, fxsr, ht, mmx, sse, sse2, sse3, ssse3, sse4.1, sse4.2, popcnt, lzcnt, tsc, tscinvbit, avx, avx2, erms, clmul, bmi1, bmi2, fma, vzeroupper, clflush
Processor Information for all 4 processors :
  Max Mhz: 1698, Current Mhz: 1698, Mhz Limit: 1698

Memory: 4k page, system-wide physical 3777M (258M free)
TotalPageFile size 15553M (AvailPageFile size 94M)
current process WorkingSet (physical memory assigned to process): 82M, peak: 104M
current process commit charge ("private bytes"): 238M, peak: 239M

vm_info: OpenJDK 64-Bit Server VM (17.0.10+1-b1207.14) for windows-amd64 JRE (17.0.10+1-b1207.14), built on 2024-04-05 by "builduser" with MS VC++ 16.10 / 16.11 (VS2019)

END.
